<?xml version="1.0" encoding="UTF-8"?>
<testng-results skipped="0" failed="0" ignored="0" total="2" passed="2">
  <reporter-output>
  </reporter-output>
  <suite name="InetBankingV1" duration-ms="59051" started-at="2020-12-30T13:34:57Z" finished-at="2020-12-30T13:35:56Z">
    <groups>
    </groups>
    <test name="BankingApp Test" duration-ms="59051" started-at="2020-12-30T13:34:57Z" finished-at="2020-12-30T13:35:56Z">
      <class name="com.inetBanking.testCases.TC_AddCustomerTest_003">
        <test-method status="PASS" signature="setup(java.lang.String)[pri:0, instance:com.inetBanking.testCases.TC_AddCustomerTest_003@4f7d0008]" name="setup" is-config="true" duration-ms="10803" started-at="2020-12-30T13:35:15Z" finished-at="2020-12-30T13:35:26Z">
          <params>
            <param index="0">
              <value>
                <![CDATA[chrome]]>
              </value>
            </param>
          </params>
          <reporter-output>
          </reporter-output>
        </test-method> <!-- setup -->
        <test-method status="PASS" signature="addNewCustomer()[pri:0, instance:com.inetBanking.testCases.TC_AddCustomerTest_003@4f7d0008]" name="addNewCustomer" duration-ms="29814" started-at="2020-12-30T13:35:26Z" finished-at="2020-12-30T13:35:56Z">
          <reporter-output>
          </reporter-output>
        </test-method> <!-- addNewCustomer -->
        <test-method status="PASS" signature="tearDown()[pri:0, instance:com.inetBanking.testCases.TC_AddCustomerTest_003@4f7d0008]" name="tearDown" is-config="true" duration-ms="700" started-at="2020-12-30T13:35:56Z" finished-at="2020-12-30T13:35:56Z">
          <reporter-output>
          </reporter-output>
        </test-method> <!-- tearDown -->
      </class> <!-- com.inetBanking.testCases.TC_AddCustomerTest_003 -->
      <class name="com.inetBanking.testCases.TC_LoginTest_001">
        <test-method status="PASS" signature="setup(java.lang.String)[pri:0, instance:com.inetBanking.testCases.TC_LoginTest_001@553f17c]" name="setup" is-config="true" duration-ms="11805" started-at="2020-12-30T13:34:57Z" finished-at="2020-12-30T13:35:09Z">
          <params>
            <param index="0">
              <value>
                <![CDATA[chrome]]>
              </value>
            </param>
          </params>
          <reporter-output>
          </reporter-output>
        </test-method> <!-- setup -->
        <test-method status="PASS" signature="loginTest()[pri:0, instance:com.inetBanking.testCases.TC_LoginTest_001@553f17c]" name="loginTest" duration-ms="5017" started-at="2020-12-30T13:35:09Z" finished-at="2020-12-30T13:35:14Z">
          <reporter-output>
          </reporter-output>
        </test-method> <!-- loginTest -->
        <test-method status="PASS" signature="tearDown()[pri:0, instance:com.inetBanking.testCases.TC_LoginTest_001@553f17c]" name="tearDown" is-config="true" duration-ms="705" started-at="2020-12-30T13:35:14Z" finished-at="2020-12-30T13:35:15Z">
          <reporter-output>
          </reporter-output>
        </test-method> <!-- tearDown -->
      </class> <!-- com.inetBanking.testCases.TC_LoginTest_001 -->
    </test> <!-- BankingApp Test -->
  </suite> <!-- InetBankingV1 -->
</testng-results>
