<?xml version="1.0" encoding="UTF-8"?>
<!-- Generated by org.testng.reporters.JUnitXMLReporter -->
<testsuite hostname="KunalSurushe" ignored="0" name="BankingApp Test" tests="2" failures="0" timestamp="30 Dec 2020 13:35:56 GMT" time="59.051" errors="0">
  <testcase name="loginTest" time="5.017" classname="com.inetBanking.testCases.TC_LoginTest_001"/>
  <testcase name="addNewCustomer" time="29.814" classname="com.inetBanking.testCases.TC_AddCustomerTest_003"/>
</testsuite> <!-- BankingApp Test -->
